0 info it worked if it ends with ok
1 verbose cli [ 'C:\\Program Files\\nodejs\\\\node.exe',
1 verbose cli   'C:\\Program Files\\nodejs\\node_modules\\npm\\bin\\npm-cli.js',
1 verbose cli   'install' ]
2 info using npm@1.3.24
3 info using node@v0.10.25
4 verbose node symlink C:\Program Files\nodejs\\node.exe
5 warn package.json umi-cms-3@0.0.1 No description
6 warn package.json umi-cms-3@0.0.1 No repository field.
7 warn package.json umi-cms-3@0.0.1 No README data
8 verbose readDependencies using package.json deps
9 verbose install where, deps [ 'D:\\OpenServer\\domains\\localhost\\installer\\public\\resources',
9 verbose install   [ 'grunt-cli',
9 verbose install     'bower',
9 verbose install     'css-b64-images',
9 verbose install     'browser-sync',
9 verbose install     'grunt',
9 verbose install     'grunt-contrib-watch',
9 verbose install     'grunt-sass',
9 verbose install     'grunt-autoprefixer',
9 verbose install     'grunt-csso',
9 verbose install     'grunt-contrib-uglify',
9 verbose install     'grunt-contrib-concat',
9 verbose install     'grunt-contrib-jshint',
9 verbose install     'grunt-svgmin',
9 verbose install     'grunt-grunticon',
9 verbose install     'grunt-contrib-yuidoc' ] ]
10 info preinstall umi-cms-3@0.0.1
11 verbose readDependencies using package.json deps
12 verbose cache add [ 'grunt-cli@latest', null ]
13 verbose cache add name=undefined spec="grunt-cli@latest" args=["grunt-cli@latest",null]
14 verbose parsed url { protocol: null,
14 verbose parsed url   slashes: null,
14 verbose parsed url   auth: null,
14 verbose parsed url   host: null,
14 verbose parsed url   port: null,
14 verbose parsed url   hostname: null,
14 verbose parsed url   hash: null,
14 verbose parsed url   search: null,
14 verbose parsed url   query: null,
14 verbose parsed url   pathname: 'grunt-cli@latest',
14 verbose parsed url   path: 'grunt-cli@latest',
14 verbose parsed url   href: 'grunt-cli@latest' }
15 verbose cache add name="grunt-cli" spec="latest" args=["grunt-cli","latest"]
16 verbose parsed url { protocol: null,
16 verbose parsed url   slashes: null,
16 verbose parsed url   auth: null,
16 verbose parsed url   host: null,
16 verbose parsed url   port: null,
16 verbose parsed url   hostname: null,
16 verbose parsed url   hash: null,
16 verbose parsed url   search: null,
16 verbose parsed url   query: null,
16 verbose parsed url   pathname: 'latest',
16 verbose parsed url   path: 'latest',
16 verbose parsed url   href: 'latest' }
17 verbose addNamed [ 'grunt-cli', 'latest' ]
18 verbose addNamed [ null, null ]
19 verbose cache add [ 'bower@latest', null ]
20 verbose cache add name=undefined spec="bower@latest" args=["bower@latest",null]
21 verbose parsed url { protocol: null,
21 verbose parsed url   slashes: null,
21 verbose parsed url   auth: null,
21 verbose parsed url   host: null,
21 verbose parsed url   port: null,
21 verbose parsed url   hostname: null,
21 verbose parsed url   hash: null,
21 verbose parsed url   search: null,
21 verbose parsed url   query: null,
21 verbose parsed url   pathname: 'bower@latest',
21 verbose parsed url   path: 'bower@latest',
21 verbose parsed url   href: 'bower@latest' }
22 verbose cache add name="bower" spec="latest" args=["bower","latest"]
23 verbose parsed url { protocol: null,
23 verbose parsed url   slashes: null,
23 verbose parsed url   auth: null,
23 verbose parsed url   host: null,
23 verbose parsed url   port: null,
23 verbose parsed url   hostname: null,
23 verbose parsed url   hash: null,
23 verbose parsed url   search: null,
23 verbose parsed url   query: null,
23 verbose parsed url   pathname: 'latest',
23 verbose parsed url   path: 'latest',
23 verbose parsed url   href: 'latest' }
24 verbose addNamed [ 'bower', 'latest' ]
25 verbose addNamed [ null, null ]
26 verbose cache add [ 'css-b64-images@latest', null ]
27 verbose cache add name=undefined spec="css-b64-images@latest" args=["css-b64-images@latest",null]
28 verbose parsed url { protocol: null,
28 verbose parsed url   slashes: null,
28 verbose parsed url   auth: null,
28 verbose parsed url   host: null,
28 verbose parsed url   port: null,
28 verbose parsed url   hostname: null,
28 verbose parsed url   hash: null,
28 verbose parsed url   search: null,
28 verbose parsed url   query: null,
28 verbose parsed url   pathname: 'css-b64-images@latest',
28 verbose parsed url   path: 'css-b64-images@latest',
28 verbose parsed url   href: 'css-b64-images@latest' }
29 verbose cache add name="css-b64-images" spec="latest" args=["css-b64-images","latest"]
30 verbose parsed url { protocol: null,
30 verbose parsed url   slashes: null,
30 verbose parsed url   auth: null,
30 verbose parsed url   host: null,
30 verbose parsed url   port: null,
30 verbose parsed url   hostname: null,
30 verbose parsed url   hash: null,
30 verbose parsed url   search: null,
30 verbose parsed url   query: null,
30 verbose parsed url   pathname: 'latest',
30 verbose parsed url   path: 'latest',
30 verbose parsed url   href: 'latest' }
31 verbose addNamed [ 'css-b64-images', 'latest' ]
32 verbose addNamed [ null, null ]
33 verbose cache add [ 'browser-sync@latest', null ]
34 verbose cache add name=undefined spec="browser-sync@latest" args=["browser-sync@latest",null]
35 verbose parsed url { protocol: null,
35 verbose parsed url   slashes: null,
35 verbose parsed url   auth: null,
35 verbose parsed url   host: null,
35 verbose parsed url   port: null,
35 verbose parsed url   hostname: null,
35 verbose parsed url   hash: null,
35 verbose parsed url   search: null,
35 verbose parsed url   query: null,
35 verbose parsed url   pathname: 'browser-sync@latest',
35 verbose parsed url   path: 'browser-sync@latest',
35 verbose parsed url   href: 'browser-sync@latest' }
36 verbose cache add name="browser-sync" spec="latest" args=["browser-sync","latest"]
37 verbose parsed url { protocol: null,
37 verbose parsed url   slashes: null,
37 verbose parsed url   auth: null,
37 verbose parsed url   host: null,
37 verbose parsed url   port: null,
37 verbose parsed url   hostname: null,
37 verbose parsed url   hash: null,
37 verbose parsed url   search: null,
37 verbose parsed url   query: null,
37 verbose parsed url   pathname: 'latest',
37 verbose parsed url   path: 'latest',
37 verbose parsed url   href: 'latest' }
38 verbose addNamed [ 'browser-sync', 'latest' ]
39 verbose addNamed [ null, null ]
40 verbose cache add [ 'grunt@latest', null ]
41 verbose cache add name=undefined spec="grunt@latest" args=["grunt@latest",null]
42 verbose parsed url { protocol: null,
42 verbose parsed url   slashes: null,
42 verbose parsed url   auth: null,
42 verbose parsed url   host: null,
42 verbose parsed url   port: null,
42 verbose parsed url   hostname: null,
42 verbose parsed url   hash: null,
42 verbose parsed url   search: null,
42 verbose parsed url   query: null,
42 verbose parsed url   pathname: 'grunt@latest',
42 verbose parsed url   path: 'grunt@latest',
42 verbose parsed url   href: 'grunt@latest' }
43 verbose cache add name="grunt" spec="latest" args=["grunt","latest"]
44 verbose parsed url { protocol: null,
44 verbose parsed url   slashes: null,
44 verbose parsed url   auth: null,
44 verbose parsed url   host: null,
44 verbose parsed url   port: null,
44 verbose parsed url   hostname: null,
44 verbose parsed url   hash: null,
44 verbose parsed url   search: null,
44 verbose parsed url   query: null,
44 verbose parsed url   pathname: 'latest',
44 verbose parsed url   path: 'latest',
44 verbose parsed url   href: 'latest' }
45 verbose addNamed [ 'grunt', 'latest' ]
46 verbose addNamed [ null, null ]
47 verbose cache add [ 'grunt-contrib-watch@latest', null ]
48 verbose cache add name=undefined spec="grunt-contrib-watch@latest" args=["grunt-contrib-watch@latest",null]
49 verbose parsed url { protocol: null,
49 verbose parsed url   slashes: null,
49 verbose parsed url   auth: null,
49 verbose parsed url   host: null,
49 verbose parsed url   port: null,
49 verbose parsed url   hostname: null,
49 verbose parsed url   hash: null,
49 verbose parsed url   search: null,
49 verbose parsed url   query: null,
49 verbose parsed url   pathname: 'grunt-contrib-watch@latest',
49 verbose parsed url   path: 'grunt-contrib-watch@latest',
49 verbose parsed url   href: 'grunt-contrib-watch@latest' }
50 verbose cache add name="grunt-contrib-watch" spec="latest" args=["grunt-contrib-watch","latest"]
51 verbose parsed url { protocol: null,
51 verbose parsed url   slashes: null,
51 verbose parsed url   auth: null,
51 verbose parsed url   host: null,
51 verbose parsed url   port: null,
51 verbose parsed url   hostname: null,
51 verbose parsed url   hash: null,
51 verbose parsed url   search: null,
51 verbose parsed url   query: null,
51 verbose parsed url   pathname: 'latest',
51 verbose parsed url   path: 'latest',
51 verbose parsed url   href: 'latest' }
52 verbose addNamed [ 'grunt-contrib-watch', 'latest' ]
53 verbose addNamed [ null, null ]
54 verbose cache add [ 'grunt-sass@latest', null ]
55 verbose cache add name=undefined spec="grunt-sass@latest" args=["grunt-sass@latest",null]
56 verbose parsed url { protocol: null,
56 verbose parsed url   slashes: null,
56 verbose parsed url   auth: null,
56 verbose parsed url   host: null,
56 verbose parsed url   port: null,
56 verbose parsed url   hostname: null,
56 verbose parsed url   hash: null,
56 verbose parsed url   search: null,
56 verbose parsed url   query: null,
56 verbose parsed url   pathname: 'grunt-sass@latest',
56 verbose parsed url   path: 'grunt-sass@latest',
56 verbose parsed url   href: 'grunt-sass@latest' }
57 verbose cache add name="grunt-sass" spec="latest" args=["grunt-sass","latest"]
58 verbose parsed url { protocol: null,
58 verbose parsed url   slashes: null,
58 verbose parsed url   auth: null,
58 verbose parsed url   host: null,
58 verbose parsed url   port: null,
58 verbose parsed url   hostname: null,
58 verbose parsed url   hash: null,
58 verbose parsed url   search: null,
58 verbose parsed url   query: null,
58 verbose parsed url   pathname: 'latest',
58 verbose parsed url   path: 'latest',
58 verbose parsed url   href: 'latest' }
59 verbose addNamed [ 'grunt-sass', 'latest' ]
60 verbose addNamed [ null, null ]
61 verbose cache add [ 'grunt-autoprefixer@latest', null ]
62 verbose cache add name=undefined spec="grunt-autoprefixer@latest" args=["grunt-autoprefixer@latest",null]
63 verbose parsed url { protocol: null,
63 verbose parsed url   slashes: null,
63 verbose parsed url   auth: null,
63 verbose parsed url   host: null,
63 verbose parsed url   port: null,
63 verbose parsed url   hostname: null,
63 verbose parsed url   hash: null,
63 verbose parsed url   search: null,
63 verbose parsed url   query: null,
63 verbose parsed url   pathname: 'grunt-autoprefixer@latest',
63 verbose parsed url   path: 'grunt-autoprefixer@latest',
63 verbose parsed url   href: 'grunt-autoprefixer@latest' }
64 verbose cache add name="grunt-autoprefixer" spec="latest" args=["grunt-autoprefixer","latest"]
65 verbose parsed url { protocol: null,
65 verbose parsed url   slashes: null,
65 verbose parsed url   auth: null,
65 verbose parsed url   host: null,
65 verbose parsed url   port: null,
65 verbose parsed url   hostname: null,
65 verbose parsed url   hash: null,
65 verbose parsed url   search: null,
65 verbose parsed url   query: null,
65 verbose parsed url   pathname: 'latest',
65 verbose parsed url   path: 'latest',
65 verbose parsed url   href: 'latest' }
66 verbose addNamed [ 'grunt-autoprefixer', 'latest' ]
67 verbose addNamed [ null, null ]
68 verbose cache add [ 'grunt-csso@latest', null ]
69 verbose cache add name=undefined spec="grunt-csso@latest" args=["grunt-csso@latest",null]
70 verbose parsed url { protocol: null,
70 verbose parsed url   slashes: null,
70 verbose parsed url   auth: null,
70 verbose parsed url   host: null,
70 verbose parsed url   port: null,
70 verbose parsed url   hostname: null,
70 verbose parsed url   hash: null,
70 verbose parsed url   search: null,
70 verbose parsed url   query: null,
70 verbose parsed url   pathname: 'grunt-csso@latest',
70 verbose parsed url   path: 'grunt-csso@latest',
70 verbose parsed url   href: 'grunt-csso@latest' }
71 verbose cache add name="grunt-csso" spec="latest" args=["grunt-csso","latest"]
72 verbose parsed url { protocol: null,
72 verbose parsed url   slashes: null,
72 verbose parsed url   auth: null,
72 verbose parsed url   host: null,
72 verbose parsed url   port: null,
72 verbose parsed url   hostname: null,
72 verbose parsed url   hash: null,
72 verbose parsed url   search: null,
72 verbose parsed url   query: null,
72 verbose parsed url   pathname: 'latest',
72 verbose parsed url   path: 'latest',
72 verbose parsed url   href: 'latest' }
73 verbose addNamed [ 'grunt-csso', 'latest' ]
74 verbose addNamed [ null, null ]
75 verbose cache add [ 'grunt-contrib-uglify@latest', null ]
76 verbose cache add name=undefined spec="grunt-contrib-uglify@latest" args=["grunt-contrib-uglify@latest",null]
77 verbose parsed url { protocol: null,
77 verbose parsed url   slashes: null,
77 verbose parsed url   auth: null,
77 verbose parsed url   host: null,
77 verbose parsed url   port: null,
77 verbose parsed url   hostname: null,
77 verbose parsed url   hash: null,
77 verbose parsed url   search: null,
77 verbose parsed url   query: null,
77 verbose parsed url   pathname: 'grunt-contrib-uglify@latest',
77 verbose parsed url   path: 'grunt-contrib-uglify@latest',
77 verbose parsed url   href: 'grunt-contrib-uglify@latest' }
78 verbose cache add name="grunt-contrib-uglify" spec="latest" args=["grunt-contrib-uglify","latest"]
79 verbose parsed url { protocol: null,
79 verbose parsed url   slashes: null,
79 verbose parsed url   auth: null,
79 verbose parsed url   host: null,
79 verbose parsed url   port: null,
79 verbose parsed url   hostname: null,
79 verbose parsed url   hash: null,
79 verbose parsed url   search: null,
79 verbose parsed url   query: null,
79 verbose parsed url   pathname: 'latest',
79 verbose parsed url   path: 'latest',
79 verbose parsed url   href: 'latest' }
80 verbose addNamed [ 'grunt-contrib-uglify', 'latest' ]
81 verbose addNamed [ null, null ]
82 verbose cache add [ 'grunt-contrib-concat@latest', null ]
83 verbose cache add name=undefined spec="grunt-contrib-concat@latest" args=["grunt-contrib-concat@latest",null]
84 verbose parsed url { protocol: null,
84 verbose parsed url   slashes: null,
84 verbose parsed url   auth: null,
84 verbose parsed url   host: null,
84 verbose parsed url   port: null,
84 verbose parsed url   hostname: null,
84 verbose parsed url   hash: null,
84 verbose parsed url   search: null,
84 verbose parsed url   query: null,
84 verbose parsed url   pathname: 'grunt-contrib-concat@latest',
84 verbose parsed url   path: 'grunt-contrib-concat@latest',
84 verbose parsed url   href: 'grunt-contrib-concat@latest' }
85 verbose cache add name="grunt-contrib-concat" spec="latest" args=["grunt-contrib-concat","latest"]
86 verbose parsed url { protocol: null,
86 verbose parsed url   slashes: null,
86 verbose parsed url   auth: null,
86 verbose parsed url   host: null,
86 verbose parsed url   port: null,
86 verbose parsed url   hostname: null,
86 verbose parsed url   hash: null,
86 verbose parsed url   search: null,
86 verbose parsed url   query: null,
86 verbose parsed url   pathname: 'latest',
86 verbose parsed url   path: 'latest',
86 verbose parsed url   href: 'latest' }
87 verbose addNamed [ 'grunt-contrib-concat', 'latest' ]
88 verbose addNamed [ null, null ]
89 verbose cache add [ 'grunt-contrib-jshint@latest', null ]
90 verbose cache add name=undefined spec="grunt-contrib-jshint@latest" args=["grunt-contrib-jshint@latest",null]
91 verbose parsed url { protocol: null,
91 verbose parsed url   slashes: null,
91 verbose parsed url   auth: null,
91 verbose parsed url   host: null,
91 verbose parsed url   port: null,
91 verbose parsed url   hostname: null,
91 verbose parsed url   hash: null,
91 verbose parsed url   search: null,
91 verbose parsed url   query: null,
91 verbose parsed url   pathname: 'grunt-contrib-jshint@latest',
91 verbose parsed url   path: 'grunt-contrib-jshint@latest',
91 verbose parsed url   href: 'grunt-contrib-jshint@latest' }
92 verbose cache add name="grunt-contrib-jshint" spec="latest" args=["grunt-contrib-jshint","latest"]
93 verbose parsed url { protocol: null,
93 verbose parsed url   slashes: null,
93 verbose parsed url   auth: null,
93 verbose parsed url   host: null,
93 verbose parsed url   port: null,
93 verbose parsed url   hostname: null,
93 verbose parsed url   hash: null,
93 verbose parsed url   search: null,
93 verbose parsed url   query: null,
93 verbose parsed url   pathname: 'latest',
93 verbose parsed url   path: 'latest',
93 verbose parsed url   href: 'latest' }
94 verbose addNamed [ 'grunt-contrib-jshint', 'latest' ]
95 verbose addNamed [ null, null ]
96 verbose cache add [ 'grunt-svgmin@latest', null ]
97 verbose cache add name=undefined spec="grunt-svgmin@latest" args=["grunt-svgmin@latest",null]
98 verbose parsed url { protocol: null,
98 verbose parsed url   slashes: null,
98 verbose parsed url   auth: null,
98 verbose parsed url   host: null,
98 verbose parsed url   port: null,
98 verbose parsed url   hostname: null,
98 verbose parsed url   hash: null,
98 verbose parsed url   search: null,
98 verbose parsed url   query: null,
98 verbose parsed url   pathname: 'grunt-svgmin@latest',
98 verbose parsed url   path: 'grunt-svgmin@latest',
98 verbose parsed url   href: 'grunt-svgmin@latest' }
99 verbose cache add name="grunt-svgmin" spec="latest" args=["grunt-svgmin","latest"]
100 verbose parsed url { protocol: null,
100 verbose parsed url   slashes: null,
100 verbose parsed url   auth: null,
100 verbose parsed url   host: null,
100 verbose parsed url   port: null,
100 verbose parsed url   hostname: null,
100 verbose parsed url   hash: null,
100 verbose parsed url   search: null,
100 verbose parsed url   query: null,
100 verbose parsed url   pathname: 'latest',
100 verbose parsed url   path: 'latest',
100 verbose parsed url   href: 'latest' }
101 verbose addNamed [ 'grunt-svgmin', 'latest' ]
102 verbose addNamed [ null, null ]
103 verbose cache add [ 'grunt-grunticon@latest', null ]
104 verbose cache add name=undefined spec="grunt-grunticon@latest" args=["grunt-grunticon@latest",null]
105 verbose parsed url { protocol: null,
105 verbose parsed url   slashes: null,
105 verbose parsed url   auth: null,
105 verbose parsed url   host: null,
105 verbose parsed url   port: null,
105 verbose parsed url   hostname: null,
105 verbose parsed url   hash: null,
105 verbose parsed url   search: null,
105 verbose parsed url   query: null,
105 verbose parsed url   pathname: 'grunt-grunticon@latest',
105 verbose parsed url   path: 'grunt-grunticon@latest',
105 verbose parsed url   href: 'grunt-grunticon@latest' }
106 verbose cache add name="grunt-grunticon" spec="latest" args=["grunt-grunticon","latest"]
107 verbose parsed url { protocol: null,
107 verbose parsed url   slashes: null,
107 verbose parsed url   auth: null,
107 verbose parsed url   host: null,
107 verbose parsed url   port: null,
107 verbose parsed url   hostname: null,
107 verbose parsed url   hash: null,
107 verbose parsed url   search: null,
107 verbose parsed url   query: null,
107 verbose parsed url   pathname: 'latest',
107 verbose parsed url   path: 'latest',
107 verbose parsed url   href: 'latest' }
108 verbose addNamed [ 'grunt-grunticon', 'latest' ]
109 verbose addNamed [ null, null ]
110 verbose cache add [ 'grunt-contrib-yuidoc@latest', null ]
111 verbose cache add name=undefined spec="grunt-contrib-yuidoc@latest" args=["grunt-contrib-yuidoc@latest",null]
112 verbose parsed url { protocol: null,
112 verbose parsed url   slashes: null,
112 verbose parsed url   auth: null,
112 verbose parsed url   host: null,
112 verbose parsed url   port: null,
112 verbose parsed url   hostname: null,
112 verbose parsed url   hash: null,
112 verbose parsed url   search: null,
112 verbose parsed url   query: null,
112 verbose parsed url   pathname: 'grunt-contrib-yuidoc@latest',
112 verbose parsed url   path: 'grunt-contrib-yuidoc@latest',
112 verbose parsed url   href: 'grunt-contrib-yuidoc@latest' }
113 verbose cache add name="grunt-contrib-yuidoc" spec="latest" args=["grunt-contrib-yuidoc","latest"]
114 verbose parsed url { protocol: null,
114 verbose parsed url   slashes: null,
114 verbose parsed url   auth: null,
114 verbose parsed url   host: null,
114 verbose parsed url   port: null,
114 verbose parsed url   hostname: null,
114 verbose parsed url   hash: null,
114 verbose parsed url   search: null,
114 verbose parsed url   query: null,
114 verbose parsed url   pathname: 'latest',
114 verbose parsed url   path: 'latest',
114 verbose parsed url   href: 'latest' }
115 verbose addNamed [ 'grunt-contrib-yuidoc', 'latest' ]
116 verbose addNamed [ null, null ]
117 silly lockFile d7e12f40-grunt-cli-latest grunt-cli@latest
118 verbose lock grunt-cli@latest C:\Users\aleks_000\AppData\Roaming\npm-cache\d7e12f40-grunt-cli-latest.lock
119 silly lockFile 09819b10-bower-latest bower@latest
120 verbose lock bower@latest C:\Users\aleks_000\AppData\Roaming\npm-cache\09819b10-bower-latest.lock
121 silly lockFile 547b2eb9-css-b64-images-latest css-b64-images@latest
122 verbose lock css-b64-images@latest C:\Users\aleks_000\AppData\Roaming\npm-cache\547b2eb9-css-b64-images-latest.lock
123 silly lockFile 6818ab33-browser-sync-latest browser-sync@latest
124 verbose lock browser-sync@latest C:\Users\aleks_000\AppData\Roaming\npm-cache\6818ab33-browser-sync-latest.lock
125 silly lockFile c5c58d45-grunt-latest grunt@latest
126 verbose lock grunt@latest C:\Users\aleks_000\AppData\Roaming\npm-cache\c5c58d45-grunt-latest.lock
127 silly lockFile 72016001-grunt-contrib-watch-latest grunt-contrib-watch@latest
128 verbose lock grunt-contrib-watch@latest C:\Users\aleks_000\AppData\Roaming\npm-cache\72016001-grunt-contrib-watch-latest.lock
129 silly lockFile e6544f6e-grunt-sass-latest grunt-sass@latest
130 verbose lock grunt-sass@latest C:\Users\aleks_000\AppData\Roaming\npm-cache\e6544f6e-grunt-sass-latest.lock
131 silly lockFile 634a77ac-grunt-autoprefixer-latest grunt-autoprefixer@latest
132 verbose lock grunt-autoprefixer@latest C:\Users\aleks_000\AppData\Roaming\npm-cache\634a77ac-grunt-autoprefixer-latest.lock
133 silly lockFile 33f1d66a-grunt-csso-latest grunt-csso@latest
134 verbose lock grunt-csso@latest C:\Users\aleks_000\AppData\Roaming\npm-cache\33f1d66a-grunt-csso-latest.lock
135 silly lockFile 20260ab5-grunt-contrib-uglify-latest grunt-contrib-uglify@latest
136 verbose lock grunt-contrib-uglify@latest C:\Users\aleks_000\AppData\Roaming\npm-cache\20260ab5-grunt-contrib-uglify-latest.lock
137 silly lockFile 7c2c056c-grunt-contrib-concat-latest grunt-contrib-concat@latest
138 verbose lock grunt-contrib-concat@latest C:\Users\aleks_000\AppData\Roaming\npm-cache\7c2c056c-grunt-contrib-concat-latest.lock
139 silly lockFile 23ae4c0c-grunt-contrib-jshint-latest grunt-contrib-jshint@latest
140 verbose lock grunt-contrib-jshint@latest C:\Users\aleks_000\AppData\Roaming\npm-cache\23ae4c0c-grunt-contrib-jshint-latest.lock
141 silly lockFile 00902311-grunt-svgmin-latest grunt-svgmin@latest
142 verbose lock grunt-svgmin@latest C:\Users\aleks_000\AppData\Roaming\npm-cache\00902311-grunt-svgmin-latest.lock
143 silly lockFile d5d11ead-grunt-grunticon-latest grunt-grunticon@latest
144 verbose lock grunt-grunticon@latest C:\Users\aleks_000\AppData\Roaming\npm-cache\d5d11ead-grunt-grunticon-latest.lock
145 silly lockFile b1a0fce1-grunt-contrib-yuidoc-latest grunt-contrib-yuidoc@latest
146 verbose lock grunt-contrib-yuidoc@latest C:\Users\aleks_000\AppData\Roaming\npm-cache\b1a0fce1-grunt-contrib-yuidoc-latest.lock
147 info addNameTag [ 'grunt-cli', 'latest' ]
148 info addNameTag [ 'bower', 'latest' ]
149 info addNameTag [ 'css-b64-images', 'latest' ]
150 info addNameTag [ 'browser-sync', 'latest' ]
151 info addNameTag [ 'grunt', 'latest' ]
152 info addNameTag [ 'grunt-contrib-watch', 'latest' ]
153 info addNameTag [ 'grunt-sass', 'latest' ]
154 info addNameTag [ 'grunt-csso', 'latest' ]
155 info addNameTag [ 'grunt-autoprefixer', 'latest' ]
156 info addNameTag [ 'grunt-contrib-uglify', 'latest' ]
157 info addNameTag [ 'grunt-contrib-concat', 'latest' ]
158 info addNameTag [ 'grunt-contrib-jshint', 'latest' ]
159 info addNameTag [ 'grunt-svgmin', 'latest' ]
160 info addNameTag [ 'grunt-grunticon', 'latest' ]
161 info addNameTag [ 'grunt-contrib-yuidoc', 'latest' ]
162 verbose url raw grunt-cli
163 verbose url resolving [ 'https://registry.npmjs.org/', './grunt-cli' ]
164 verbose url resolved https://registry.npmjs.org/grunt-cli
165 info trying registry request attempt 1 at 13:34:55
166 verbose etag "DTXWA8VWG17RCSTGG4LCAQ65C"
167 http GET https://registry.npmjs.org/grunt-cli
168 verbose url raw bower
169 verbose url resolving [ 'https://registry.npmjs.org/', './bower' ]
170 verbose url resolved https://registry.npmjs.org/bower
171 info trying registry request attempt 1 at 13:34:55
172 verbose etag "70OVQ3F3JVMHNBFH1J0NSAPZQ"
173 http GET https://registry.npmjs.org/bower
174 verbose url raw css-b64-images
175 verbose url resolving [ 'https://registry.npmjs.org/', './css-b64-images' ]
176 verbose url resolved https://registry.npmjs.org/css-b64-images
177 info trying registry request attempt 1 at 13:34:55
178 verbose etag "2FB1X6HTRYP82IV9FLJ7F9B2V"
179 http GET https://registry.npmjs.org/css-b64-images
180 verbose url raw browser-sync
181 verbose url resolving [ 'https://registry.npmjs.org/', './browser-sync' ]
182 verbose url resolved https://registry.npmjs.org/browser-sync
183 info trying registry request attempt 1 at 13:34:55
184 verbose etag "7MR5PY1YR333JGILDGAQB4DC8"
185 http GET https://registry.npmjs.org/browser-sync
186 verbose url raw grunt
187 verbose url resolving [ 'https://registry.npmjs.org/', './grunt' ]
188 verbose url resolved https://registry.npmjs.org/grunt
189 info trying registry request attempt 1 at 13:34:55
190 verbose etag "3JDONX431NV2VJ16RDUZXA7FH"
191 http GET https://registry.npmjs.org/grunt
192 verbose url raw grunt-contrib-watch
193 verbose url resolving [ 'https://registry.npmjs.org/', './grunt-contrib-watch' ]
194 verbose url resolved https://registry.npmjs.org/grunt-contrib-watch
195 info trying registry request attempt 1 at 13:34:55
196 verbose etag "WM4N8GZLK2T9ZGCESHGJTSTS"
197 http GET https://registry.npmjs.org/grunt-contrib-watch
198 verbose url raw grunt-sass
199 verbose url resolving [ 'https://registry.npmjs.org/', './grunt-sass' ]
200 verbose url resolved https://registry.npmjs.org/grunt-sass
201 info trying registry request attempt 1 at 13:34:55
202 verbose etag "7LSKO1SUB0IX0HN88XUDF1S2C"
203 http GET https://registry.npmjs.org/grunt-sass
204 verbose url raw grunt-csso
205 verbose url resolving [ 'https://registry.npmjs.org/', './grunt-csso' ]
206 verbose url resolved https://registry.npmjs.org/grunt-csso
207 info trying registry request attempt 1 at 13:34:55
208 verbose etag "7425ZIYTHO3N7G46SV3QG163A"
209 http GET https://registry.npmjs.org/grunt-csso
210 verbose url raw grunt-autoprefixer
211 verbose url resolving [ 'https://registry.npmjs.org/', './grunt-autoprefixer' ]
212 verbose url resolved https://registry.npmjs.org/grunt-autoprefixer
213 info trying registry request attempt 1 at 13:34:55
214 verbose etag "E9YYM5PB68F89MGR0GBILLQKD"
215 http GET https://registry.npmjs.org/grunt-autoprefixer
216 verbose url raw grunt-contrib-uglify
217 verbose url resolving [ 'https://registry.npmjs.org/', './grunt-contrib-uglify' ]
218 verbose url resolved https://registry.npmjs.org/grunt-contrib-uglify
219 info trying registry request attempt 1 at 13:34:55
220 verbose etag "6CTLHZ75GWNSU5JWVQQMRM8P4"
221 http GET https://registry.npmjs.org/grunt-contrib-uglify
222 verbose url raw grunt-contrib-concat
223 verbose url resolving [ 'https://registry.npmjs.org/', './grunt-contrib-concat' ]
224 verbose url resolved https://registry.npmjs.org/grunt-contrib-concat
225 info trying registry request attempt 1 at 13:34:55
226 verbose etag "17Q7X0WGXPKJ7DYF5R9N2Y9V1"
227 http GET https://registry.npmjs.org/grunt-contrib-concat
228 verbose url raw grunt-contrib-jshint
229 verbose url resolving [ 'https://registry.npmjs.org/', './grunt-contrib-jshint' ]
230 verbose url resolved https://registry.npmjs.org/grunt-contrib-jshint
231 info trying registry request attempt 1 at 13:34:55
232 verbose etag "DR0A5ZQF5SMIQJOQXL6BRF9QV"
233 http GET https://registry.npmjs.org/grunt-contrib-jshint
234 verbose url raw grunt-svgmin
235 verbose url resolving [ 'https://registry.npmjs.org/', './grunt-svgmin' ]
236 verbose url resolved https://registry.npmjs.org/grunt-svgmin
237 info trying registry request attempt 1 at 13:34:55
238 verbose etag "DKLNSYFA0PID13OQA8ZZE9F41"
239 http GET https://registry.npmjs.org/grunt-svgmin
240 verbose url raw grunt-grunticon
241 verbose url resolving [ 'https://registry.npmjs.org/', './grunt-grunticon' ]
242 verbose url resolved https://registry.npmjs.org/grunt-grunticon
243 info trying registry request attempt 1 at 13:34:55
244 verbose etag "7CYEXDDQNWRAEVHXBIB5H987C"
245 http GET https://registry.npmjs.org/grunt-grunticon
246 verbose url raw grunt-contrib-yuidoc
247 verbose url resolving [ 'https://registry.npmjs.org/', './grunt-contrib-yuidoc' ]
248 verbose url resolved https://registry.npmjs.org/grunt-contrib-yuidoc
249 info trying registry request attempt 1 at 13:34:55
250 verbose etag "ETHVNDDMYWROJLZKRERFMAHBH"
251 http GET https://registry.npmjs.org/grunt-contrib-yuidoc
252 http 304 https://registry.npmjs.org/grunt
253 silly registry.get cb [ 304,
253 silly registry.get   { date: 'Wed, 12 Mar 2014 09:34:50 GMT',
253 silly registry.get     server: 'Apache',
253 silly registry.get     via: '1.1 varnish',
253 silly registry.get     'last-modified': 'Wed, 12 Mar 2014 09:34:35 GMT',
253 silly registry.get     'cache-control': 'max-age=1',
253 silly registry.get     etag: '"3JDONX431NV2VJ16RDUZXA7FH"',
253 silly registry.get     'x-served-by': 'cache-am69-AMS',
253 silly registry.get     'x-cache': 'HIT',
253 silly registry.get     'x-cache-hits': '3',
253 silly registry.get     'x-timer': 'S1394616890.973856211,VS0,VE0',
253 silly registry.get     vary: 'Accept',
253 silly registry.get     'content-length': '0',
253 silly registry.get     'keep-alive': 'timeout=10, max=50',
253 silly registry.get     connection: 'Keep-Alive' } ]
254 verbose etag grunt from cache
255 http 304 https://registry.npmjs.org/grunt-cli
256 silly registry.get cb [ 304,
256 silly registry.get   { date: 'Wed, 12 Mar 2014 09:34:50 GMT',
256 silly registry.get     server: 'Apache',
256 silly registry.get     via: '1.1 varnish',
256 silly registry.get     'last-modified': 'Wed, 12 Mar 2014 09:34:50 GMT',
256 silly registry.get     'cache-control': 'max-age=1',
256 silly registry.get     etag: '"DTXWA8VWG17RCSTGG4LCAQ65C"',
256 silly registry.get     'x-served-by': 'cache-am72-AMS',
256 silly registry.get     'x-cache': 'HIT',
256 silly registry.get     'x-cache-hits': '1',
256 silly registry.get     'x-timer': 'S1394616890.910428047,VS0,VE90',
256 silly registry.get     vary: 'Accept',
256 silly registry.get     'content-length': '0',
256 silly registry.get     'keep-alive': 'timeout=10, max=50',
256 silly registry.get     connection: 'Keep-Alive' } ]
257 verbose etag grunt-cli from cache
258 verbose addNamed [ 'grunt', '0.4.3' ]
259 verbose addNamed [ '0.4.3', '0.4.3' ]
260 silly lockFile d966277b-grunt-0-4-3 grunt@0.4.3
261 verbose lock grunt@0.4.3 C:\Users\aleks_000\AppData\Roaming\npm-cache\d966277b-grunt-0-4-3.lock
262 verbose addNamed [ 'grunt-cli', '0.1.13' ]
263 verbose addNamed [ '0.1.13', '0.1.13' ]
264 silly lockFile 28997503-grunt-cli-0-1-13 grunt-cli@0.1.13
265 verbose lock grunt-cli@0.1.13 C:\Users\aleks_000\AppData\Roaming\npm-cache\28997503-grunt-cli-0-1-13.lock
266 http 304 https://registry.npmjs.org/bower
267 silly registry.get cb [ 304,
267 silly registry.get   { date: 'Wed, 12 Mar 2014 09:34:50 GMT',
267 silly registry.get     server: 'Apache',
267 silly registry.get     via: '1.1 varnish',
267 silly registry.get     'last-modified': 'Wed, 12 Mar 2014 09:34:51 GMT',
267 silly registry.get     'cache-control': 'max-age=1',
267 silly registry.get     etag: '"70OVQ3F3JVMHNBFH1J0NSAPZQ"',
267 silly registry.get     'x-served-by': 'cache-am69-AMS',
267 silly registry.get     'x-cache': 'HIT',
267 silly registry.get     'x-cache-hits': '1',
267 silly registry.get     'x-timer': 'S1394616890.927611113,VS0,VE90',
267 silly registry.get     vary: 'Accept',
267 silly registry.get     'content-length': '0',
267 silly registry.get     'keep-alive': 'timeout=10, max=50',
267 silly registry.get     connection: 'Keep-Alive' } ]
268 verbose etag bower from cache
269 silly lockFile d966277b-grunt-0-4-3 grunt@0.4.3
270 silly lockFile d966277b-grunt-0-4-3 grunt@0.4.3
271 silly lockFile c5c58d45-grunt-latest grunt@latest
272 silly lockFile c5c58d45-grunt-latest grunt@latest
273 info already installed grunt@0.4.3
274 silly lockFile 28997503-grunt-cli-0-1-13 grunt-cli@0.1.13
275 silly lockFile 28997503-grunt-cli-0-1-13 grunt-cli@0.1.13
276 silly lockFile d7e12f40-grunt-cli-latest grunt-cli@latest
277 silly lockFile d7e12f40-grunt-cli-latest grunt-cli@latest
278 info already installed grunt-cli@0.1.13
279 verbose addNamed [ 'bower', '1.3.1' ]
280 verbose addNamed [ '1.3.1', '1.3.1' ]
281 silly lockFile 221209b2-bower-1-3-1 bower@1.3.1
282 verbose lock bower@1.3.1 C:\Users\aleks_000\AppData\Roaming\npm-cache\221209b2-bower-1-3-1.lock
283 http 304 https://registry.npmjs.org/grunt-contrib-watch
284 silly registry.get cb [ 304,
284 silly registry.get   { date: 'Wed, 12 Mar 2014 09:34:51 GMT',
284 silly registry.get     server: 'Apache',
284 silly registry.get     via: '1.1 varnish',
284 silly registry.get     'last-modified': 'Wed, 12 Mar 2014 09:34:38 GMT',
284 silly registry.get     'cache-control': 'max-age=1',
284 silly registry.get     etag: '"WM4N8GZLK2T9ZGCESHGJTSTS"',
284 silly registry.get     'x-served-by': 'cache-am69-AMS',
284 silly registry.get     'x-cache': 'HIT',
284 silly registry.get     'x-cache-hits': '2',
284 silly registry.get     'x-timer': 'S1394616891.031594038,VS0,VE0',
284 silly registry.get     vary: 'Accept',
284 silly registry.get     'content-length': '0',
284 silly registry.get     'keep-alive': 'timeout=10, max=49',
284 silly registry.get     connection: 'Keep-Alive' } ]
285 verbose etag grunt-contrib-watch from cache
286 silly lockFile 221209b2-bower-1-3-1 bower@1.3.1
287 silly lockFile 221209b2-bower-1-3-1 bower@1.3.1
288 silly lockFile 09819b10-bower-latest bower@latest
289 silly lockFile 09819b10-bower-latest bower@latest
290 info already installed bower@1.3.1
291 verbose addNamed [ 'grunt-contrib-watch', '0.6.0' ]
292 verbose addNamed [ '0.6.0', '0.6.0' ]
293 silly lockFile 013d3dfc-grunt-contrib-watch-0-6-0 grunt-contrib-watch@0.6.0
294 verbose lock grunt-contrib-watch@0.6.0 C:\Users\aleks_000\AppData\Roaming\npm-cache\013d3dfc-grunt-contrib-watch-0-6-0.lock
295 silly lockFile 013d3dfc-grunt-contrib-watch-0-6-0 grunt-contrib-watch@0.6.0
296 silly lockFile 013d3dfc-grunt-contrib-watch-0-6-0 grunt-contrib-watch@0.6.0
297 http 304 https://registry.npmjs.org/css-b64-images
298 silly registry.get cb [ 304,
298 silly registry.get   { date: 'Wed, 12 Mar 2014 09:34:50 GMT',
298 silly registry.get     server: 'Apache',
298 silly registry.get     via: '1.1 varnish',
298 silly registry.get     'last-modified': 'Wed, 12 Mar 2014 09:34:51 GMT',
298 silly registry.get     'cache-control': 'max-age=1',
298 silly registry.get     etag: '"2FB1X6HTRYP82IV9FLJ7F9B2V"',
298 silly registry.get     'x-served-by': 'cache-am77-AMS',
298 silly registry.get     'x-cache': 'MISS',
298 silly registry.get     'x-cache-hits': '0',
298 silly registry.get     'x-timer': 'S1394616890.932446241,VS0,VE124',
298 silly registry.get     vary: 'Accept',
298 silly registry.get     'content-length': '0',
298 silly registry.get     'keep-alive': 'timeout=10, max=50',
298 silly registry.get     connection: 'Keep-Alive' } ]
299 verbose etag css-b64-images from cache
300 silly lockFile 72016001-grunt-contrib-watch-latest grunt-contrib-watch@latest
301 silly lockFile 72016001-grunt-contrib-watch-latest grunt-contrib-watch@latest
302 info already installed grunt-contrib-watch@0.6.0
303 verbose addNamed [ 'css-b64-images', '0.2.4' ]
304 verbose addNamed [ '0.2.4', '0.2.4' ]
305 silly lockFile 0f6365d3-css-b64-images-0-2-4 css-b64-images@0.2.4
306 verbose lock css-b64-images@0.2.4 C:\Users\aleks_000\AppData\Roaming\npm-cache\0f6365d3-css-b64-images-0-2-4.lock
307 silly lockFile 0f6365d3-css-b64-images-0-2-4 css-b64-images@0.2.4
308 silly lockFile 0f6365d3-css-b64-images-0-2-4 css-b64-images@0.2.4
309 silly lockFile 547b2eb9-css-b64-images-latest css-b64-images@latest
310 silly lockFile 547b2eb9-css-b64-images-latest css-b64-images@latest
311 info already installed css-b64-images@0.2.4
312 http 304 https://registry.npmjs.org/browser-sync
313 silly registry.get cb [ 304,
313 silly registry.get   { date: 'Wed, 12 Mar 2014 09:34:50 GMT',
313 silly registry.get     server: 'Apache',
313 silly registry.get     via: '1.1 varnish',
313 silly registry.get     'last-modified': 'Wed, 12 Mar 2014 09:34:51 GMT',
313 silly registry.get     'cache-control': 'max-age=1',
313 silly registry.get     etag: '"7MR5PY1YR333JGILDGAQB4DC8"',
313 silly registry.get     'x-served-by': 'cache-am76-AMS',
313 silly registry.get     'x-cache': 'MISS',
313 silly registry.get     'x-cache-hits': '0',
313 silly registry.get     'x-timer': 'S1394616890.973647594,VS0,VE103',
313 silly registry.get     vary: 'Accept',
313 silly registry.get     'content-length': '0',
313 silly registry.get     'keep-alive': 'timeout=10, max=50',
313 silly registry.get     connection: 'Keep-Alive' } ]
314 verbose etag browser-sync from cache
315 verbose addNamed [ 'browser-sync', '0.7.0' ]
316 verbose addNamed [ '0.7.0', '0.7.0' ]
317 silly lockFile d371922b-browser-sync-0-7-0 browser-sync@0.7.0
318 verbose lock browser-sync@0.7.0 C:\Users\aleks_000\AppData\Roaming\npm-cache\d371922b-browser-sync-0-7-0.lock
319 silly lockFile d371922b-browser-sync-0-7-0 browser-sync@0.7.0
320 silly lockFile d371922b-browser-sync-0-7-0 browser-sync@0.7.0
321 silly lockFile 6818ab33-browser-sync-latest browser-sync@latest
322 silly lockFile 6818ab33-browser-sync-latest browser-sync@latest
323 info already installed browser-sync@0.7.0
324 http 304 https://registry.npmjs.org/grunt-contrib-uglify
325 silly registry.get cb [ 304,
325 silly registry.get   { date: 'Wed, 12 Mar 2014 09:34:51 GMT',
325 silly registry.get     server: 'Apache',
325 silly registry.get     via: '1.1 varnish',
325 silly registry.get     'last-modified': 'Wed, 12 Mar 2014 09:34:38 GMT',
325 silly registry.get     'cache-control': 'max-age=1',
325 silly registry.get     etag: '"6CTLHZ75GWNSU5JWVQQMRM8P4"',
325 silly registry.get     'x-served-by': 'cache-am77-AMS',
325 silly registry.get     'x-cache': 'HIT',
325 silly registry.get     'x-cache-hits': '2',
325 silly registry.get     'x-timer': 'S1394616891.098208904,VS0,VE0',
325 silly registry.get     vary: 'Accept',
325 silly registry.get     'content-length': '0',
325 silly registry.get     'keep-alive': 'timeout=10, max=49',
325 silly registry.get     connection: 'Keep-Alive' } ]
326 verbose etag grunt-contrib-uglify from cache
327 verbose addNamed [ 'grunt-contrib-uglify', '0.4.0' ]
328 verbose addNamed [ '0.4.0', '0.4.0' ]
329 silly lockFile a0aad41b-grunt-contrib-uglify-0-4-0 grunt-contrib-uglify@0.4.0
330 verbose lock grunt-contrib-uglify@0.4.0 C:\Users\aleks_000\AppData\Roaming\npm-cache\a0aad41b-grunt-contrib-uglify-0-4-0.lock
331 silly lockFile a0aad41b-grunt-contrib-uglify-0-4-0 grunt-contrib-uglify@0.4.0
332 silly lockFile a0aad41b-grunt-contrib-uglify-0-4-0 grunt-contrib-uglify@0.4.0
333 silly lockFile 20260ab5-grunt-contrib-uglify-latest grunt-contrib-uglify@latest
334 silly lockFile 20260ab5-grunt-contrib-uglify-latest grunt-contrib-uglify@latest
335 info already installed grunt-contrib-uglify@0.4.0
336 http 304 https://registry.npmjs.org/grunt-sass
337 silly registry.get cb [ 304,
337 silly registry.get   { date: 'Wed, 12 Mar 2014 09:34:51 GMT',
337 silly registry.get     server: 'Apache',
337 silly registry.get     via: '1.1 varnish',
337 silly registry.get     'last-modified': 'Wed, 12 Mar 2014 09:34:51 GMT',
337 silly registry.get     'cache-control': 'max-age=1',
337 silly registry.get     etag: '"7LSKO1SUB0IX0HN88XUDF1S2C"',
337 silly registry.get     'x-served-by': 'cache-am72-AMS',
337 silly registry.get     'x-cache': 'MISS',
337 silly registry.get     'x-cache-hits': '0',
337 silly registry.get     'x-timer': 'S1394616891.069033861,VS0,VE108',
337 silly registry.get     vary: 'Accept',
337 silly registry.get     'content-length': '0',
337 silly registry.get     'keep-alive': 'timeout=10, max=49',
337 silly registry.get     connection: 'Keep-Alive' } ]
338 verbose etag grunt-sass from cache
339 http 304 https://registry.npmjs.org/grunt-autoprefixer
340 silly registry.get cb [ 304,
340 silly registry.get   { date: 'Wed, 12 Mar 2014 09:34:51 GMT',
340 silly registry.get     server: 'Apache',
340 silly registry.get     via: '1.1 varnish',
340 silly registry.get     'last-modified': 'Wed, 12 Mar 2014 09:34:51 GMT',
340 silly registry.get     'cache-control': 'max-age=1',
340 silly registry.get     etag: '"E9YYM5PB68F89MGR0GBILLQKD"',
340 silly registry.get     'x-served-by': 'cache-am69-AMS',
340 silly registry.get     'x-cache': 'HIT',
340 silly registry.get     'x-cache-hits': '1',
340 silly registry.get     'x-timer': 'S1394616891.084771633,VS0,VE96',
340 silly registry.get     vary: 'Accept',
340 silly registry.get     'content-length': '0',
340 silly registry.get     'keep-alive': 'timeout=10, max=48',
340 silly registry.get     connection: 'Keep-Alive' } ]
341 verbose etag grunt-autoprefixer from cache
342 verbose addNamed [ 'grunt-sass', '0.11.0' ]
343 verbose addNamed [ '0.11.0', '0.11.0' ]
344 silly lockFile b169fc3b-grunt-sass-0-11-0 grunt-sass@0.11.0
345 verbose lock grunt-sass@0.11.0 C:\Users\aleks_000\AppData\Roaming\npm-cache\b169fc3b-grunt-sass-0-11-0.lock
346 silly lockFile b169fc3b-grunt-sass-0-11-0 grunt-sass@0.11.0
347 silly lockFile b169fc3b-grunt-sass-0-11-0 grunt-sass@0.11.0
348 silly lockFile e6544f6e-grunt-sass-latest grunt-sass@latest
349 silly lockFile e6544f6e-grunt-sass-latest grunt-sass@latest
350 info already installed grunt-sass@0.11.0
351 verbose addNamed [ 'grunt-autoprefixer', '0.7.2' ]
352 verbose addNamed [ '0.7.2', '0.7.2' ]
353 silly lockFile 8bb36e3f-grunt-autoprefixer-0-7-2 grunt-autoprefixer@0.7.2
354 verbose lock grunt-autoprefixer@0.7.2 C:\Users\aleks_000\AppData\Roaming\npm-cache\8bb36e3f-grunt-autoprefixer-0-7-2.lock
355 silly lockFile 8bb36e3f-grunt-autoprefixer-0-7-2 grunt-autoprefixer@0.7.2
356 silly lockFile 8bb36e3f-grunt-autoprefixer-0-7-2 grunt-autoprefixer@0.7.2
357 silly lockFile 634a77ac-grunt-autoprefixer-latest grunt-autoprefixer@latest
358 silly lockFile 634a77ac-grunt-autoprefixer-latest grunt-autoprefixer@latest
359 info already installed grunt-autoprefixer@0.7.2
360 http 304 https://registry.npmjs.org/grunt-contrib-concat
361 silly registry.get cb [ 304,
361 silly registry.get   { date: 'Wed, 12 Mar 2014 09:34:51 GMT',
361 silly registry.get     server: 'Apache',
361 silly registry.get     via: '1.1 varnish',
361 silly registry.get     'last-modified': 'Wed, 12 Mar 2014 09:34:51 GMT',
361 silly registry.get     'cache-control': 'max-age=1',
361 silly registry.get     etag: '"17Q7X0WGXPKJ7DYF5R9N2Y9V1"',
361 silly registry.get     'x-served-by': 'cache-am76-AMS',
361 silly registry.get     'x-cache': 'HIT',
361 silly registry.get     'x-cache-hits': '1',
361 silly registry.get     'x-timer': 'S1394616891.127942085,VS0,VE89',
361 silly registry.get     vary: 'Accept',
361 silly registry.get     'content-length': '0',
361 silly registry.get     'keep-alive': 'timeout=10, max=49',
361 silly registry.get     connection: 'Keep-Alive' } ]
362 verbose etag grunt-contrib-concat from cache
363 http 304 https://registry.npmjs.org/grunt-contrib-jshint
364 silly registry.get cb [ 304,
364 silly registry.get   { date: 'Wed, 12 Mar 2014 09:34:51 GMT',
364 silly registry.get     server: 'Apache',
364 silly registry.get     via: '1.1 varnish',
364 silly registry.get     'last-modified': 'Wed, 12 Mar 2014 09:34:51 GMT',
364 silly registry.get     'cache-control': 'max-age=1',
364 silly registry.get     etag: '"DR0A5ZQF5SMIQJOQXL6BRF9QV"',
364 silly registry.get     'x-served-by': 'cache-am77-AMS',
364 silly registry.get     'x-cache': 'HIT',
364 silly registry.get     'x-cache-hits': '1',
364 silly registry.get     'x-timer': 'S1394616891.140201330,VS0,VE90',
364 silly registry.get     vary: 'Accept',
364 silly registry.get     'content-length': '0',
364 silly registry.get     'keep-alive': 'timeout=10, max=48',
364 silly registry.get     connection: 'Keep-Alive' } ]
365 verbose etag grunt-contrib-jshint from cache
366 verbose addNamed [ 'grunt-contrib-concat', '0.3.0' ]
367 verbose addNamed [ '0.3.0', '0.3.0' ]
368 silly lockFile 11d10dc6-grunt-contrib-concat-0-3-0 grunt-contrib-concat@0.3.0
369 verbose lock grunt-contrib-concat@0.3.0 C:\Users\aleks_000\AppData\Roaming\npm-cache\11d10dc6-grunt-contrib-concat-0-3-0.lock
370 verbose addNamed [ 'grunt-contrib-jshint', '0.8.0' ]
371 verbose addNamed [ '0.8.0', '0.8.0' ]
372 silly lockFile f4748631-grunt-contrib-jshint-0-8-0 grunt-contrib-jshint@0.8.0
373 verbose lock grunt-contrib-jshint@0.8.0 C:\Users\aleks_000\AppData\Roaming\npm-cache\f4748631-grunt-contrib-jshint-0-8-0.lock
374 silly lockFile 11d10dc6-grunt-contrib-concat-0-3-0 grunt-contrib-concat@0.3.0
375 silly lockFile 11d10dc6-grunt-contrib-concat-0-3-0 grunt-contrib-concat@0.3.0
376 silly lockFile 7c2c056c-grunt-contrib-concat-latest grunt-contrib-concat@latest
377 silly lockFile 7c2c056c-grunt-contrib-concat-latest grunt-contrib-concat@latest
378 info already installed grunt-contrib-concat@0.3.0
379 silly lockFile f4748631-grunt-contrib-jshint-0-8-0 grunt-contrib-jshint@0.8.0
380 silly lockFile f4748631-grunt-contrib-jshint-0-8-0 grunt-contrib-jshint@0.8.0
381 silly lockFile 23ae4c0c-grunt-contrib-jshint-latest grunt-contrib-jshint@latest
382 silly lockFile 23ae4c0c-grunt-contrib-jshint-latest grunt-contrib-jshint@latest
383 info already installed grunt-contrib-jshint@0.8.0
384 http 304 https://registry.npmjs.org/grunt-csso
385 silly registry.get cb [ 304,
385 silly registry.get   { date: 'Wed, 12 Mar 2014 09:34:51 GMT',
385 silly registry.get     server: 'Apache',
385 silly registry.get     via: '1.1 varnish',
385 silly registry.get     'last-modified': 'Wed, 12 Mar 2014 09:34:51 GMT',
385 silly registry.get     'cache-control': 'max-age=1',
385 silly registry.get     etag: '"7425ZIYTHO3N7G46SV3QG163A"',
385 silly registry.get     'x-served-by': 'cache-am69-AMS',
385 silly registry.get     'x-cache': 'MISS',
385 silly registry.get     'x-cache-hits': '0',
385 silly registry.get     'x-timer': 'S1394616891.082987070,VS0,VE158',
385 silly registry.get     vary: 'Accept',
385 silly registry.get     'content-length': '0',
385 silly registry.get     'keep-alive': 'timeout=10, max=49',
385 silly registry.get     connection: 'Keep-Alive' } ]
386 verbose etag grunt-csso from cache
387 verbose addNamed [ 'grunt-csso', '0.6.0' ]
388 verbose addNamed [ '0.6.0', '0.6.0' ]
389 silly lockFile 329f47b8-grunt-csso-0-6-0 grunt-csso@0.6.0
390 verbose lock grunt-csso@0.6.0 C:\Users\aleks_000\AppData\Roaming\npm-cache\329f47b8-grunt-csso-0-6-0.lock
391 silly lockFile 329f47b8-grunt-csso-0-6-0 grunt-csso@0.6.0
392 silly lockFile 329f47b8-grunt-csso-0-6-0 grunt-csso@0.6.0
393 silly lockFile 33f1d66a-grunt-csso-latest grunt-csso@latest
394 silly lockFile 33f1d66a-grunt-csso-latest grunt-csso@latest
395 info already installed grunt-csso@0.6.0
396 http 304 https://registry.npmjs.org/grunt-svgmin
397 silly registry.get cb [ 304,
397 silly registry.get   { date: 'Wed, 12 Mar 2014 09:34:51 GMT',
397 silly registry.get     server: 'Apache',
397 silly registry.get     via: '1.1 varnish',
397 silly registry.get     'last-modified': 'Wed, 12 Mar 2014 09:34:51 GMT',
397 silly registry.get     'cache-control': 'max-age=1',
397 silly registry.get     etag: '"DKLNSYFA0PID13OQA8ZZE9F41"',
397 silly registry.get     'x-served-by': 'cache-am72-AMS',
397 silly registry.get     'x-cache': 'HIT',
397 silly registry.get     'x-cache-hits': '1',
397 silly registry.get     'x-timer': 'S1394616891.243202448,VS0,VE102',
397 silly registry.get     vary: 'Accept',
397 silly registry.get     'content-length': '0',
397 silly registry.get     'keep-alive': 'timeout=10, max=48',
397 silly registry.get     connection: 'Keep-Alive' } ]
398 verbose etag grunt-svgmin from cache
399 verbose addNamed [ 'grunt-svgmin', '0.4.0' ]
400 verbose addNamed [ '0.4.0', '0.4.0' ]
401 silly lockFile 96533225-grunt-svgmin-0-4-0 grunt-svgmin@0.4.0
402 verbose lock grunt-svgmin@0.4.0 C:\Users\aleks_000\AppData\Roaming\npm-cache\96533225-grunt-svgmin-0-4-0.lock
403 silly lockFile 96533225-grunt-svgmin-0-4-0 grunt-svgmin@0.4.0
404 silly lockFile 96533225-grunt-svgmin-0-4-0 grunt-svgmin@0.4.0
405 silly lockFile 00902311-grunt-svgmin-latest grunt-svgmin@latest
406 silly lockFile 00902311-grunt-svgmin-latest grunt-svgmin@latest
407 info already installed grunt-svgmin@0.4.0
408 http 304 https://registry.npmjs.org/grunt-grunticon
409 silly registry.get cb [ 304,
409 silly registry.get   { date: 'Wed, 12 Mar 2014 09:34:51 GMT',
409 silly registry.get     server: 'Apache',
409 silly registry.get     via: '1.1 varnish',
409 silly registry.get     'last-modified': 'Wed, 12 Mar 2014 09:34:51 GMT',
409 silly registry.get     'cache-control': 'max-age=1',
409 silly registry.get     etag: '"7CYEXDDQNWRAEVHXBIB5H987C"',
409 silly registry.get     'x-served-by': 'cache-am69-AMS',
409 silly registry.get     'x-cache': 'MISS',
409 silly registry.get     'x-cache-hits': '0',
409 silly registry.get     'x-timer': 'S1394616891.243699551,VS0,VE125',
409 silly registry.get     vary: 'Accept',
409 silly registry.get     'content-length': '0',
409 silly registry.get     'keep-alive': 'timeout=10, max=47',
409 silly registry.get     connection: 'Keep-Alive' } ]
410 verbose etag grunt-grunticon from cache
411 verbose addNamed [ 'grunt-grunticon', '1.0.0' ]
412 verbose addNamed [ '1.0.0', '1.0.0' ]
413 silly lockFile b9bb6759-grunt-grunticon-1-0-0 grunt-grunticon@1.0.0
414 verbose lock grunt-grunticon@1.0.0 C:\Users\aleks_000\AppData\Roaming\npm-cache\b9bb6759-grunt-grunticon-1-0-0.lock
415 silly lockFile b9bb6759-grunt-grunticon-1-0-0 grunt-grunticon@1.0.0
416 silly lockFile b9bb6759-grunt-grunticon-1-0-0 grunt-grunticon@1.0.0
417 silly lockFile d5d11ead-grunt-grunticon-latest grunt-grunticon@latest
418 silly lockFile d5d11ead-grunt-grunticon-latest grunt-grunticon@latest
419 info already installed grunt-grunticon@1.0.0
420 http 304 https://registry.npmjs.org/grunt-contrib-yuidoc
421 silly registry.get cb [ 304,
421 silly registry.get   { date: 'Wed, 12 Mar 2014 09:34:51 GMT',
421 silly registry.get     server: 'Apache',
421 silly registry.get     via: '1.1 varnish',
421 silly registry.get     'last-modified': 'Wed, 12 Mar 2014 09:34:51 GMT',
421 silly registry.get     'cache-control': 'max-age=1',
421 silly registry.get     etag: '"ETHVNDDMYWROJLZKRERFMAHBH"',
421 silly registry.get     'x-served-by': 'cache-am76-AMS',
421 silly registry.get     'x-cache': 'MISS',
421 silly registry.get     'x-cache-hits': '0',
421 silly registry.get     'x-timer': 'S1394616891.307727337,VS0,VE180',
421 silly registry.get     vary: 'Accept',
421 silly registry.get     'content-length': '0',
421 silly registry.get     'keep-alive': 'timeout=10, max=48',
421 silly registry.get     connection: 'Keep-Alive' } ]
422 verbose etag grunt-contrib-yuidoc from cache
423 verbose addNamed [ 'grunt-contrib-yuidoc', '0.5.1' ]
424 verbose addNamed [ '0.5.1', '0.5.1' ]
425 silly lockFile fa607145-grunt-contrib-yuidoc-0-5-1 grunt-contrib-yuidoc@0.5.1
426 verbose lock grunt-contrib-yuidoc@0.5.1 C:\Users\aleks_000\AppData\Roaming\npm-cache\fa607145-grunt-contrib-yuidoc-0-5-1.lock
427 silly lockFile fa607145-grunt-contrib-yuidoc-0-5-1 grunt-contrib-yuidoc@0.5.1
428 silly lockFile fa607145-grunt-contrib-yuidoc-0-5-1 grunt-contrib-yuidoc@0.5.1
429 silly lockFile b1a0fce1-grunt-contrib-yuidoc-latest grunt-contrib-yuidoc@latest
430 silly lockFile b1a0fce1-grunt-contrib-yuidoc-latest grunt-contrib-yuidoc@latest
431 info already installed grunt-contrib-yuidoc@0.5.1
432 silly resolved []
433 info build D:\OpenServer\domains\localhost\installer\public\resources
434 verbose linkStuff [ false,
434 verbose linkStuff   false,
434 verbose linkStuff   false,
434 verbose linkStuff   'D:\\OpenServer\\domains\\localhost\\installer\\public' ]
435 info linkStuff umi-cms-3@0.0.1
436 verbose linkBins umi-cms-3@0.0.1
437 verbose linkMans umi-cms-3@0.0.1
438 verbose rebuildBundles umi-cms-3@0.0.1
439 verbose rebuildBundles [ '.bin',
439 verbose rebuildBundles   'bower',
439 verbose rebuildBundles   'browser-sync',
439 verbose rebuildBundles   'css-b64-images',
439 verbose rebuildBundles   'grunt',
439 verbose rebuildBundles   'grunt-autoprefixer',
439 verbose rebuildBundles   'grunt-cli',
439 verbose rebuildBundles   'grunt-contrib-concat',
439 verbose rebuildBundles   'grunt-contrib-jshint',
439 verbose rebuildBundles   'grunt-contrib-uglify',
439 verbose rebuildBundles   'grunt-contrib-watch',
439 verbose rebuildBundles   'grunt-contrib-yuidoc',
439 verbose rebuildBundles   'grunt-csso',
439 verbose rebuildBundles   'grunt-grunticon',
439 verbose rebuildBundles   'grunt-sass',
439 verbose rebuildBundles   'grunt-svgmin',
439 verbose rebuildBundles   'karma',
439 verbose rebuildBundles   'karma-chrome-launcher',
439 verbose rebuildBundles   'karma-coffee-preprocessor',
439 verbose rebuildBundles   'karma-ember-preprocessor',
439 verbose rebuildBundles   'karma-firefox-launcher',
439 verbose rebuildBundles   'karma-html2js-preprocessor',
439 verbose rebuildBundles   'karma-ie-launcher',
439 verbose rebuildBundles   'karma-jasmine',
439 verbose rebuildBundles   'karma-phantomjs-launcher',
439 verbose rebuildBundles   'karma-qunit',
439 verbose rebuildBundles   'karma-requirejs',
439 verbose rebuildBundles   'karma-script-launcher',
439 verbose rebuildBundles   'qunitjs',
439 verbose rebuildBundles   'requirejs' ]
440 verbose rebuild bundle D:\OpenServer\domains\localhost\installer\public\resources\node_modules\karma
441 info build D:\OpenServer\domains\localhost\installer\public\resources\node_modules\karma
442 info preinstall karma@0.12.0
443 verbose linkStuff [ false,
443 verbose linkStuff   false,
443 verbose linkStuff   false,
443 verbose linkStuff   'D:\\OpenServer\\domains\\localhost\\installer\\public\\resources\\node_modules' ]
444 info linkStuff karma@0.12.0
445 verbose linkBins karma@0.12.0
446 verbose link bins [ {},
446 verbose link bins   'D:\\OpenServer\\domains\\localhost\\installer\\public\\resources\\node_modules\\.bin',
446 verbose link bins   false ]
447 verbose linkMans karma@0.12.0
448 verbose rebuildBundles karma@0.12.0
449 verbose rebuildBundles [ '.bin',
449 verbose rebuildBundles   'chokidar',
449 verbose rebuildBundles   'colors',
449 verbose rebuildBundles   'connect',
449 verbose rebuildBundles   'di',
449 verbose rebuildBundles   'glob',
449 verbose rebuildBundles   'graceful-fs',
449 verbose rebuildBundles   'http-proxy',
449 verbose rebuildBundles   'lodash',
449 verbose rebuildBundles   'log4js',
449 verbose rebuildBundles   'mime',
449 verbose rebuildBundles   'minimatch',
449 verbose rebuildBundles   'optimist',
449 verbose rebuildBundles   'q',
449 verbose rebuildBundles   'rimraf',
449 verbose rebuildBundles   'socket.io',
449 verbose rebuildBundles   'source-map',
449 verbose rebuildBundles   'useragent' ]
450 info install karma@0.12.0
451 info postinstall karma@0.12.0
452 verbose rebuild bundle D:\OpenServer\domains\localhost\installer\public\resources\node_modules\karma-chrome-launcher
453 info build D:\OpenServer\domains\localhost\installer\public\resources\node_modules\karma-chrome-launcher
454 info preinstall karma-chrome-launcher@0.1.2
455 verbose linkStuff [ false,
455 verbose linkStuff   false,
455 verbose linkStuff   false,
455 verbose linkStuff   'D:\\OpenServer\\domains\\localhost\\installer\\public\\resources\\node_modules' ]
456 info linkStuff karma-chrome-launcher@0.1.2
457 verbose linkBins karma-chrome-launcher@0.1.2
458 verbose linkMans karma-chrome-launcher@0.1.2
459 verbose rebuildBundles karma-chrome-launcher@0.1.2
460 info install karma-chrome-launcher@0.1.2
461 info postinstall karma-chrome-launcher@0.1.2
462 verbose rebuild bundle D:\OpenServer\domains\localhost\installer\public\resources\node_modules\karma-coffee-preprocessor
463 info build D:\OpenServer\domains\localhost\installer\public\resources\node_modules\karma-coffee-preprocessor
464 info preinstall karma-coffee-preprocessor@0.1.3
465 verbose linkStuff [ false,
465 verbose linkStuff   false,
465 verbose linkStuff   false,
465 verbose linkStuff   'D:\\OpenServer\\domains\\localhost\\installer\\public\\resources\\node_modules' ]
466 info linkStuff karma-coffee-preprocessor@0.1.3
467 verbose linkBins karma-coffee-preprocessor@0.1.3
468 verbose linkMans karma-coffee-preprocessor@0.1.3
469 verbose rebuildBundles karma-coffee-preprocessor@0.1.3
470 verbose rebuildBundles [ '.bin', 'coffee-script' ]
471 info install karma-coffee-preprocessor@0.1.3
472 info postinstall karma-coffee-preprocessor@0.1.3
473 verbose rebuild bundle D:\OpenServer\domains\localhost\installer\public\resources\node_modules\karma-ember-preprocessor
474 info build D:\OpenServer\domains\localhost\installer\public\resources\node_modules\karma-ember-preprocessor
475 info preinstall karma-ember-preprocessor@1.4.0
476 verbose linkStuff [ false,
476 verbose linkStuff   false,
476 verbose linkStuff   false,
476 verbose linkStuff   'D:\\OpenServer\\domains\\localhost\\installer\\public\\resources\\node_modules' ]
477 info linkStuff karma-ember-preprocessor@1.4.0
478 verbose linkBins karma-ember-preprocessor@1.4.0
479 verbose link bins [ { 'karma-ember-preprocessor': './bin/preprocessor' },
479 verbose link bins   'D:\\OpenServer\\domains\\localhost\\installer\\public\\resources\\node_modules\\.bin',
479 verbose link bins   false ]
480 verbose linkMans karma-ember-preprocessor@1.4.0
481 verbose rebuildBundles karma-ember-preprocessor@1.4.0
482 verbose rebuildBundles [ '.bin', 'ember-template-compiler', 'handlebars' ]
483 verbose rebuild bundle D:\OpenServer\domains\localhost\installer\public\resources\node_modules\karma-ember-preprocessor\node_modules\handlebars
484 info build D:\OpenServer\domains\localhost\installer\public\resources\node_modules\karma-ember-preprocessor\node_modules\handlebars
485 info preinstall handlebars@1.3.0
486 verbose linkStuff [ false,
486 verbose linkStuff   false,
486 verbose linkStuff   false,
486 verbose linkStuff   'D:\\OpenServer\\domains\\localhost\\installer\\public\\resources\\node_modules\\karma-ember-preprocessor\\node_modules' ]
487 info linkStuff handlebars@1.3.0
488 verbose linkBins handlebars@1.3.0
489 verbose link bins [ { handlebars: 'bin/handlebars' },
489 verbose link bins   'D:\\OpenServer\\domains\\localhost\\installer\\public\\resources\\node_modules\\karma-ember-preprocessor\\node_modules\\.bin',
489 verbose link bins   false ]
490 verbose linkMans handlebars@1.3.0
491 verbose rebuildBundles handlebars@1.3.0
492 verbose rebuildBundles [ '.bin', 'optimist', 'uglify-js' ]
493 info install handlebars@1.3.0
494 info postinstall handlebars@1.3.0
495 info install karma-ember-preprocessor@1.4.0
496 info postinstall karma-ember-preprocessor@1.4.0
497 verbose rebuild bundle D:\OpenServer\domains\localhost\installer\public\resources\node_modules\karma-firefox-launcher
498 info build D:\OpenServer\domains\localhost\installer\public\resources\node_modules\karma-firefox-launcher
499 info preinstall karma-firefox-launcher@0.1.3
500 verbose linkStuff [ false,
500 verbose linkStuff   false,
500 verbose linkStuff   false,
500 verbose linkStuff   'D:\\OpenServer\\domains\\localhost\\installer\\public\\resources\\node_modules' ]
501 info linkStuff karma-firefox-launcher@0.1.3
502 verbose linkBins karma-firefox-launcher@0.1.3
503 verbose linkMans karma-firefox-launcher@0.1.3
504 verbose rebuildBundles karma-firefox-launcher@0.1.3
505 info install karma-firefox-launcher@0.1.3
506 info postinstall karma-firefox-launcher@0.1.3
507 verbose rebuild bundle D:\OpenServer\domains\localhost\installer\public\resources\node_modules\karma-html2js-preprocessor
508 info build D:\OpenServer\domains\localhost\installer\public\resources\node_modules\karma-html2js-preprocessor
509 info preinstall karma-html2js-preprocessor@0.1.0
510 verbose linkStuff [ false,
510 verbose linkStuff   false,
510 verbose linkStuff   false,
510 verbose linkStuff   'D:\\OpenServer\\domains\\localhost\\installer\\public\\resources\\node_modules' ]
511 info linkStuff karma-html2js-preprocessor@0.1.0
512 verbose linkBins karma-html2js-preprocessor@0.1.0
513 verbose linkMans karma-html2js-preprocessor@0.1.0
514 verbose rebuildBundles karma-html2js-preprocessor@0.1.0
515 info install karma-html2js-preprocessor@0.1.0
516 info postinstall karma-html2js-preprocessor@0.1.0
517 verbose rebuild bundle D:\OpenServer\domains\localhost\installer\public\resources\node_modules\karma-ie-launcher
518 info build D:\OpenServer\domains\localhost\installer\public\resources\node_modules\karma-ie-launcher
519 info preinstall karma-ie-launcher@0.1.2
520 verbose linkStuff [ false,
520 verbose linkStuff   false,
520 verbose linkStuff   false,
520 verbose linkStuff   'D:\\OpenServer\\domains\\localhost\\installer\\public\\resources\\node_modules' ]
521 info linkStuff karma-ie-launcher@0.1.2
522 verbose linkBins karma-ie-launcher@0.1.2
523 verbose linkMans karma-ie-launcher@0.1.2
524 verbose rebuildBundles karma-ie-launcher@0.1.2
525 info install karma-ie-launcher@0.1.2
526 info postinstall karma-ie-launcher@0.1.2
527 verbose rebuild bundle D:\OpenServer\domains\localhost\installer\public\resources\node_modules\karma-jasmine
528 info build D:\OpenServer\domains\localhost\installer\public\resources\node_modules\karma-jasmine
529 info preinstall karma-jasmine@0.1.5
530 verbose linkStuff [ false,
530 verbose linkStuff   false,
530 verbose linkStuff   false,
530 verbose linkStuff   'D:\\OpenServer\\domains\\localhost\\installer\\public\\resources\\node_modules' ]
531 info linkStuff karma-jasmine@0.1.5
532 verbose linkBins karma-jasmine@0.1.5
533 verbose linkMans karma-jasmine@0.1.5
534 verbose rebuildBundles karma-jasmine@0.1.5
535 info install karma-jasmine@0.1.5
536 info postinstall karma-jasmine@0.1.5
537 verbose rebuild bundle D:\OpenServer\domains\localhost\installer\public\resources\node_modules\karma-phantomjs-launcher
538 info build D:\OpenServer\domains\localhost\installer\public\resources\node_modules\karma-phantomjs-launcher
539 info preinstall karma-phantomjs-launcher@0.1.2
540 verbose linkStuff [ false,
540 verbose linkStuff   false,
540 verbose linkStuff   false,
540 verbose linkStuff   'D:\\OpenServer\\domains\\localhost\\installer\\public\\resources\\node_modules' ]
541 info linkStuff karma-phantomjs-launcher@0.1.2
542 verbose linkBins karma-phantomjs-launcher@0.1.2
543 verbose linkMans karma-phantomjs-launcher@0.1.2
544 verbose rebuildBundles karma-phantomjs-launcher@0.1.2
545 verbose rebuildBundles [ '.bin', 'phantomjs' ]
546 info install karma-phantomjs-launcher@0.1.2
547 info postinstall karma-phantomjs-launcher@0.1.2
548 verbose rebuild bundle D:\OpenServer\domains\localhost\installer\public\resources\node_modules\karma-qunit
549 info build D:\OpenServer\domains\localhost\installer\public\resources\node_modules\karma-qunit
550 info preinstall karma-qunit@0.1.1
551 verbose linkStuff [ false,
551 verbose linkStuff   false,
551 verbose linkStuff   false,
551 verbose linkStuff   'D:\\OpenServer\\domains\\localhost\\installer\\public\\resources\\node_modules' ]
552 info linkStuff karma-qunit@0.1.1
553 verbose linkBins karma-qunit@0.1.1
554 verbose linkMans karma-qunit@0.1.1
555 verbose rebuildBundles karma-qunit@0.1.1
556 info install karma-qunit@0.1.1
557 info postinstall karma-qunit@0.1.1
558 verbose rebuild bundle D:\OpenServer\domains\localhost\installer\public\resources\node_modules\karma-requirejs
559 info build D:\OpenServer\domains\localhost\installer\public\resources\node_modules\karma-requirejs
560 info preinstall karma-requirejs@0.2.1
561 verbose linkStuff [ false,
561 verbose linkStuff   false,
561 verbose linkStuff   false,
561 verbose linkStuff   'D:\\OpenServer\\domains\\localhost\\installer\\public\\resources\\node_modules' ]
562 info linkStuff karma-requirejs@0.2.1
563 verbose linkBins karma-requirejs@0.2.1
564 verbose linkMans karma-requirejs@0.2.1
565 verbose rebuildBundles karma-requirejs@0.2.1
566 info install karma-requirejs@0.2.1
567 info postinstall karma-requirejs@0.2.1
568 verbose rebuild bundle D:\OpenServer\domains\localhost\installer\public\resources\node_modules\karma-script-launcher
569 info build D:\OpenServer\domains\localhost\installer\public\resources\node_modules\karma-script-launcher
570 info preinstall karma-script-launcher@0.1.0
571 verbose linkStuff [ false,
571 verbose linkStuff   false,
571 verbose linkStuff   false,
571 verbose linkStuff   'D:\\OpenServer\\domains\\localhost\\installer\\public\\resources\\node_modules' ]
572 info linkStuff karma-script-launcher@0.1.0
573 verbose linkBins karma-script-launcher@0.1.0
574 verbose linkMans karma-script-launcher@0.1.0
575 verbose rebuildBundles karma-script-launcher@0.1.0
576 info install karma-script-launcher@0.1.0
577 info postinstall karma-script-launcher@0.1.0
578 verbose rebuild bundle D:\OpenServer\domains\localhost\installer\public\resources\node_modules\qunitjs
579 info build D:\OpenServer\domains\localhost\installer\public\resources\node_modules\qunitjs
580 info preinstall qunitjs@1.14.0
581 verbose linkStuff [ false,
581 verbose linkStuff   false,
581 verbose linkStuff   false,
581 verbose linkStuff   'D:\\OpenServer\\domains\\localhost\\installer\\public\\resources\\node_modules' ]
582 info linkStuff qunitjs@1.14.0
583 verbose linkBins qunitjs@1.14.0
584 verbose linkMans qunitjs@1.14.0
585 verbose rebuildBundles qunitjs@1.14.0
586 info install qunitjs@1.14.0
587 info postinstall qunitjs@1.14.0
588 verbose rebuild bundle D:\OpenServer\domains\localhost\installer\public\resources\node_modules\requirejs
589 info build D:\OpenServer\domains\localhost\installer\public\resources\node_modules\requirejs
590 info preinstall requirejs@2.1.11
591 verbose linkStuff [ false,
591 verbose linkStuff   false,
591 verbose linkStuff   false,
591 verbose linkStuff   'D:\\OpenServer\\domains\\localhost\\installer\\public\\resources\\node_modules' ]
592 info linkStuff requirejs@2.1.11
593 verbose linkBins requirejs@2.1.11
594 verbose link bins [ { 'r.js': './bin/r.js' },
594 verbose link bins   'D:\\OpenServer\\domains\\localhost\\installer\\public\\resources\\node_modules\\.bin',
594 verbose link bins   false ]
595 verbose linkMans requirejs@2.1.11
596 verbose rebuildBundles requirejs@2.1.11
597 info install requirejs@2.1.11
598 info postinstall requirejs@2.1.11
599 info install umi-cms-3@0.0.1
600 info postinstall umi-cms-3@0.0.1
601 info prepublish umi-cms-3@0.0.1
602 error peerinvalid The package qunitjs does not satisfy its siblings' peerDependencies requirements!
602 error peerinvalid Peer karma-qunit@0.1.1 wants qunitjs@~1.12.0
603 error System Windows_NT 6.2.9200
604 error command "C:\\Program Files\\nodejs\\\\node.exe" "C:\\Program Files\\nodejs\\node_modules\\npm\\bin\\npm-cli.js" "install"
605 error cwd D:\OpenServer\domains\localhost\installer\public\resources
606 error node -v v0.10.25
607 error npm -v 1.3.24
608 error code EPEERINVALID
609 verbose exit [ 1, true ]
